<?xml version="1.0" encoding="utf-8"?>
<coverage line-rate="0.6396999999999999" branch-rate="0.5322" version="1.9" timestamp="1774732541" lines-covered="206" lines-valid="322" branches-covered="33" branches-valid="62">
  <sources>
    <source>/home/roku674/Anointed Automation LLC/Open Source CSharp/</source>
  </sources>
  <packages>
    <package name="AnointedAutomation.Logging" line-rate="0.3728" branch-rate="0.4" complexity="66">
      <classes>
        <class name="AnointedAutomation.Optimization.Logging.LogMessage" filename="AnointedAutomation.Logging/LogMessage.cs" line-rate="0.34509999999999996" branch-rate="0.4" complexity="64">
          <methods>
            <method name="GetMethodNameFromStackTrace" signature="(System.Diagnostics.StackTrace)" line-rate="0.4117" branch-rate="0.41659999999999997" complexity="36">
              <lines>
                <line number="20" hits="12" branch="False" />
                <line number="22" hits="48" branch="True" condition-coverage="50% (1/2)">
                  <conditions>
                    <condition number="369" type="jump" coverage="50%" />
                  </conditions>
                </line>
                <line number="23" hits="24" branch="False" />
                <line number="24" hits="24" branch="False" />
                <line number="25" hits="24" branch="True" condition-coverage="100% (2/2)">
                  <conditions>
                    <condition number="25" type="jump" coverage="100%" />
                  </conditions>
                </line>
                <line number="27" hits="24" branch="False" />
                <line number="28" hits="24" branch="True" condition-coverage="100% (2/2)">
                  <conditions>
                    <condition number="50" type="jump" coverage="100%" />
                  </conditions>
                </line>
                <line number="30" hits="24" branch="True" condition-coverage="50% (2/4)">
                  <conditions>
                    <condition number="64" type="jump" coverage="50%" />
                    <condition number="76" type="jump" coverage="50%" />
                  </conditions>
                </line>
                <line number="31" hits="24" branch="False" />
                <line number="34" hits="36" branch="True" condition-coverage="75% (3/4)">
                  <conditions>
                    <condition number="101" type="jump" coverage="50%" />
                    <condition number="126" type="jump" coverage="100%" />
                  </conditions>
                </line>
                <line number="37" hits="12" branch="True" condition-coverage="50% (3/6)">
                  <conditions>
                    <condition number="145" type="jump" coverage="50%" />
                    <condition number="159" type="jump" coverage="50%" />
                    <condition number="180" type="jump" coverage="50%" />
                  </conditions>
                </line>
                <line number="38" hits="0" branch="False" />
                <line number="41" hits="0" branch="False" />
                <line number="42" hits="0" branch="False" />
                <line number="44" hits="0" branch="True" condition-coverage="0% (0/4)">
                  <conditions>
                    <condition number="218" type="jump" coverage="0%" />
                    <condition number="233" type="jump" coverage="0%" />
                  </conditions>
                </line>
                <line number="45" hits="0" branch="False" />
                <line number="46" hits="0" branch="False" />
                <line number="48" hits="0" branch="False" />
                <line number="49" hits="0" branch="False" />
                <line number="51" hits="0" branch="False" />
                <line number="54" hits="12" branch="True" condition-coverage="50% (2/4)">
                  <conditions>
                    <condition number="308" type="jump" coverage="50%" />
                    <condition number="329" type="jump" coverage="50%" />
                  </conditions>
                </line>
                <line number="55" hits="0" branch="False" />
                <line number="57" hits="0" branch="False" />
                <line number="61" hits="12" branch="False" />
                <line number="65" hits="0" branch="False" />
                <line number="66" hits="0" branch="True" condition-coverage="0% (0/2)">
                  <conditions>
                    <condition number="390" type="jump" coverage="0%" />
                  </conditions>
                </line>
                <line number="67" hits="0" branch="False" />
                <line number="68" hits="0" branch="False" />
                <line number="69" hits="0" branch="True" condition-coverage="0% (0/2)">
                  <conditions>
                    <condition number="413" type="jump" coverage="0%" />
                  </conditions>
                </line>
                <line number="70" hits="0" branch="False" />
                <line number="71" hits="0" branch="True" condition-coverage="0% (0/4)">
                  <conditions>
                    <condition number="424" type="jump" coverage="0%" />
                    <condition number="436" type="jump" coverage="0%" />
                  </conditions>
                </line>
                <line number="73" hits="0" branch="False" />
                <line number="75" hits="0" branch="False" />
                <line number="76" hits="12" branch="False" />
              </lines>
            </method>
            <method name="get_MessageSourceSetter" signature="()" line-rate="1" branch-rate="1" complexity="1">
              <lines>
                <line number="157" hits="13" branch="False" />
              </lines>
            </method>
            <method name="get_id" signature="()" line-rate="0" branch-rate="1" complexity="1">
              <lines>
                <line number="162" hits="0" branch="False" />
              </lines>
            </method>
            <method name="get_localOperationName" signature="()" line-rate="1" branch-rate="1" complexity="1">
              <lines>
                <line number="166" hits="12" branch="False" />
              </lines>
            </method>
            <method name="get_message" signature="()" line-rate="1" branch-rate="1" complexity="1">
              <lines>
                <line number="170" hits="15" branch="False" />
              </lines>
            </method>
            <method name="get_messageSource" signature="()" line-rate="1" branch-rate="1" complexity="1">
              <lines>
                <line number="174" hits="12" branch="False" />
              </lines>
            </method>
            <method name="get_messageType" signature="()" line-rate="1" branch-rate="1" complexity="1">
              <lines>
                <line number="178" hits="12" branch="False" />
              </lines>
            </method>
            <method name="get_timeStamp" signature="()" line-rate="1" branch-rate="1" complexity="1">
              <lines>
                <line number="182" hits="12" branch="False" />
              </lines>
            </method>
            <method name="Celebrate" signature="(System.String)" line-rate="0" branch-rate="1" complexity="1">
              <lines>
                <line number="190" hits="0" branch="False" />
                <line number="191" hits="0" branch="False" />
                <line number="192" hits="0" branch="False" />
              </lines>
            </method>
            <method name="Celebrate" signature="(System.Int32,System.String)" line-rate="0" branch-rate="1" complexity="1">
              <lines>
                <line number="201" hits="0" branch="False" />
                <line number="202" hits="0" branch="False" />
                <line number="203" hits="0" branch="False" />
              </lines>
            </method>
            <method name="Critical" signature="(System.String)" line-rate="0" branch-rate="1" complexity="1">
              <lines>
                <line number="211" hits="0" branch="False" />
                <line number="212" hits="0" branch="False" />
                <line number="213" hits="0" branch="False" />
              </lines>
            </method>
            <method name="Critical" signature="(System.Int32,System.String)" line-rate="0" branch-rate="1" complexity="1">
              <lines>
                <line number="222" hits="0" branch="False" />
                <line number="223" hits="0" branch="False" />
                <line number="224" hits="0" branch="False" />
              </lines>
            </method>
            <method name="Error" signature="(System.String)" line-rate="1" branch-rate="1" complexity="1">
              <lines>
                <line number="232" hits="3" branch="False" />
                <line number="233" hits="3" branch="False" />
                <line number="234" hits="3" branch="False" />
              </lines>
            </method>
            <method name="Error" signature="(System.Int32,System.String)" line-rate="0" branch-rate="1" complexity="1">
              <lines>
                <line number="243" hits="0" branch="False" />
                <line number="244" hits="0" branch="False" />
                <line number="245" hits="0" branch="False" />
              </lines>
            </method>
            <method name="Info" signature="(System.String)" line-rate="0" branch-rate="1" complexity="1">
              <lines>
                <line number="253" hits="0" branch="False" />
                <line number="254" hits="0" branch="False" />
                <line number="255" hits="0" branch="False" />
              </lines>
            </method>
            <method name="Info" signature="(System.Int32,System.String)" line-rate="0" branch-rate="1" complexity="1">
              <lines>
                <line number="264" hits="0" branch="False" />
                <line number="265" hits="0" branch="False" />
                <line number="266" hits="0" branch="False" />
              </lines>
            </method>
            <method name="Informational" signature="(System.String)" line-rate="1" branch-rate="1" complexity="1">
              <lines>
                <line number="273" hits="8" branch="False" />
                <line number="274" hits="8" branch="False" />
                <line number="275" hits="8" branch="False" />
              </lines>
            </method>
            <method name="Informational" signature="(System.Int32,System.String)" line-rate="0" branch-rate="1" complexity="1">
              <lines>
                <line number="284" hits="0" branch="False" />
                <line number="285" hits="0" branch="False" />
                <line number="286" hits="0" branch="False" />
              </lines>
            </method>
            <method name="Message" signature="(System.String)" line-rate="0" branch-rate="1" complexity="1">
              <lines>
                <line number="294" hits="0" branch="False" />
                <line number="295" hits="0" branch="False" />
                <line number="296" hits="0" branch="False" />
              </lines>
            </method>
            <method name="Message" signature="(System.Int32,System.String)" line-rate="0" branch-rate="1" complexity="1">
              <lines>
                <line number="305" hits="0" branch="False" />
                <line number="306" hits="0" branch="False" />
                <line number="307" hits="0" branch="False" />
              </lines>
            </method>
            <method name="Success" signature="(System.String)" line-rate="0" branch-rate="1" complexity="1">
              <lines>
                <line number="315" hits="0" branch="False" />
                <line number="316" hits="0" branch="False" />
                <line number="317" hits="0" branch="False" />
              </lines>
            </method>
            <method name="Success" signature="(System.Int32,System.String)" line-rate="0" branch-rate="1" complexity="1">
              <lines>
                <line number="326" hits="0" branch="False" />
                <line number="327" hits="0" branch="False" />
                <line number="328" hits="0" branch="False" />
              </lines>
            </method>
            <method name="Warning" signature="(System.String)" line-rate="1" branch-rate="1" complexity="1">
              <lines>
                <line number="336" hits="1" branch="False" />
                <line number="337" hits="1" branch="False" />
                <line number="338" hits="1" branch="False" />
              </lines>
            </method>
            <method name="Warning" signature="(System.Int32,System.String)" line-rate="0" branch-rate="1" complexity="1">
              <lines>
                <line number="347" hits="0" branch="False" />
                <line number="348" hits="0" branch="False" />
                <line number="349" hits="0" branch="False" />
              </lines>
            </method>
            <method name=".ctor" signature="()" line-rate="0" branch-rate="1" complexity="1">
              <lines>
                <line number="81" hits="0" branch="False" />
                <line number="82" hits="0" branch="False" />
                <line number="83" hits="0" branch="False" />
              </lines>
            </method>
            <method name=".ctor" signature="(AnointedAutomation.Optimization.Logging.MessageType,System.String)" line-rate="1" branch-rate="0.5" complexity="2">
              <lines>
                <line number="96" hits="12" branch="False" />
                <line number="97" hits="12" branch="False" />
                <line number="98" hits="12" branch="False" />
                <line number="99" hits="12" branch="False" />
                <line number="101" hits="12" branch="False" />
                <line number="102" hits="12" branch="False" />
                <line number="104" hits="12" branch="False" />
                <line number="105" hits="12" branch="False" />
                <line number="106" hits="12" branch="True" condition-coverage="50% (1/2)">
                  <conditions>
                    <condition number="73" type="jump" coverage="50%" />
                  </conditions>
                </line>
                <line number="107" hits="12" branch="False" />
              </lines>
            </method>
            <method name=".ctor" signature="(System.Int32,AnointedAutomation.Optimization.Logging.MessageType,System.String)" line-rate="0" branch-rate="0" complexity="2">
              <lines>
                <line number="123" hits="0" branch="False" />
                <line number="124" hits="0" branch="False" />
                <line number="125" hits="0" branch="False" />
                <line number="126" hits="0" branch="False" />
                <line number="127" hits="0" branch="False" />
                <line number="129" hits="0" branch="False" />
                <line number="130" hits="0" branch="False" />
                <line number="132" hits="0" branch="False" />
                <line number="133" hits="0" branch="False" />
                <line number="134" hits="0" branch="True" condition-coverage="0% (0/2)">
                  <conditions>
                    <condition number="82" type="jump" coverage="0%" />
                  </conditions>
                </line>
                <line number="135" hits="0" branch="False" />
              </lines>
            </method>
          </methods>
          <lines>
            <line number="20" hits="12" branch="False" />
            <line number="22" hits="48" branch="True" condition-coverage="50% (1/2)">
              <conditions>
                <condition number="369" type="jump" coverage="50%" />
              </conditions>
            </line>
            <line number="23" hits="24" branch="False" />
            <line number="24" hits="24" branch="False" />
            <line number="25" hits="24" branch="True" condition-coverage="100% (2/2)">
              <conditions>
                <condition number="25" type="jump" coverage="100%" />
              </conditions>
            </line>
            <line number="27" hits="24" branch="False" />
            <line number="28" hits="24" branch="True" condition-coverage="100% (2/2)">
              <conditions>
                <condition number="50" type="jump" coverage="100%" />
              </conditions>
            </line>
            <line number="30" hits="24" branch="True" condition-coverage="50% (2/4)">
              <conditions>
                <condition number="64" type="jump" coverage="50%" />
                <condition number="76" type="jump" coverage="50%" />
              </conditions>
            </line>
            <line number="31" hits="24" branch="False" />
            <line number="34" hits="36" branch="True" condition-coverage="75% (3/4)">
              <conditions>
                <condition number="101" type="jump" coverage="50%" />
                <condition number="126" type="jump" coverage="100%" />
              </conditions>
            </line>
            <line number="37" hits="12" branch="True" condition-coverage="50% (3/6)">
              <conditions>
                <condition number="145" type="jump" coverage="50%" />
                <condition number="159" type="jump" coverage="50%" />
                <condition number="180" type="jump" coverage="50%" />
              </conditions>
            </line>
            <line number="38" hits="0" branch="False" />
            <line number="41" hits="0" branch="False" />
            <line number="42" hits="0" branch="False" />
            <line number="44" hits="0" branch="True" condition-coverage="0% (0/4)">
              <conditions>
                <condition number="218" type="jump" coverage="0%" />
                <condition number="233" type="jump" coverage="0%" />
              </conditions>
            </line>
            <line number="45" hits="0" branch="False" />
            <line number="46" hits="0" branch="False" />
            <line number="48" hits="0" branch="False" />
            <line number="49" hits="0" branch="False" />
            <line number="51" hits="0" branch="False" />
            <line number="54" hits="12" branch="True" condition-coverage="50% (2/4)">
              <conditions>
                <condition number="308" type="jump" coverage="50%" />
                <condition number="329" type="jump" coverage="50%" />
              </conditions>
            </line>
            <line number="55" hits="0" branch="False" />
            <line number="57" hits="0" branch="False" />
            <line number="61" hits="12" branch="False" />
            <line number="65" hits="0" branch="False" />
            <line number="66" hits="0" branch="True" condition-coverage="0% (0/2)">
              <conditions>
                <condition number="390" type="jump" coverage="0%" />
              </conditions>
            </line>
            <line number="67" hits="0" branch="False" />
            <line number="68" hits="0" branch="False" />
            <line number="69" hits="0" branch="True" condition-coverage="0% (0/2)">
              <conditions>
                <condition number="413" type="jump" coverage="0%" />
              </conditions>
            </line>
            <line number="70" hits="0" branch="False" />
            <line number="71" hits="0" branch="True" condition-coverage="0% (0/4)">
              <conditions>
                <condition number="424" type="jump" coverage="0%" />
                <condition number="436" type="jump" coverage="0%" />
              </conditions>
            </line>
            <line number="73" hits="0" branch="False" />
            <line number="75" hits="0" branch="False" />
            <line number="76" hits="12" branch="False" />
            <line number="157" hits="13" branch="False" />
            <line number="162" hits="0" branch="False" />
            <line number="166" hits="12" branch="False" />
            <line number="170" hits="15" branch="False" />
            <line number="174" hits="12" branch="False" />
            <line number="178" hits="12" branch="False" />
            <line number="182" hits="12" branch="False" />
            <line number="190" hits="0" branch="False" />
            <line number="191" hits="0" branch="False" />
            <line number="192" hits="0" branch="False" />
            <line number="201" hits="0" branch="False" />
            <line number="202" hits="0" branch="False" />
            <line number="203" hits="0" branch="False" />
            <line number="211" hits="0" branch="False" />
            <line number="212" hits="0" branch="False" />
            <line number="213" hits="0" branch="False" />
            <line number="222" hits="0" branch="False" />
            <line number="223" hits="0" branch="False" />
            <line number="224" hits="0" branch="False" />
            <line number="232" hits="3" branch="False" />
            <line number="233" hits="3" branch="False" />
            <line number="234" hits="3" branch="False" />
            <line number="243" hits="0" branch="False" />
            <line number="244" hits="0" branch="False" />
            <line number="245" hits="0" branch="False" />
            <line number="253" hits="0" branch="False" />
            <line number="254" hits="0" branch="False" />
            <line number="255" hits="0" branch="False" />
            <line number="264" hits="0" branch="False" />
            <line number="265" hits="0" branch="False" />
            <line number="266" hits="0" branch="False" />
            <line number="273" hits="8" branch="False" />
            <line number="274" hits="8" branch="False" />
            <line number="275" hits="8" branch="False" />
            <line number="284" hits="0" branch="False" />
            <line number="285" hits="0" branch="False" />
            <line number="286" hits="0" branch="False" />
            <line number="294" hits="0" branch="False" />
            <line number="295" hits="0" branch="False" />
            <line number="296" hits="0" branch="False" />
            <line number="305" hits="0" branch="False" />
            <line number="306" hits="0" branch="False" />
            <line number="307" hits="0" branch="False" />
            <line number="315" hits="0" branch="False" />
            <line number="316" hits="0" branch="False" />
            <line number="317" hits="0" branch="False" />
            <line number="326" hits="0" branch="False" />
            <line number="327" hits="0" branch="False" />
            <line number="328" hits="0" branch="False" />
            <line number="336" hits="1" branch="False" />
            <line number="337" hits="1" branch="False" />
            <line number="338" hits="1" branch="False" />
            <line number="347" hits="0" branch="False" />
            <line number="348" hits="0" branch="False" />
            <line number="349" hits="0" branch="False" />
            <line number="81" hits="0" branch="False" />
            <line number="82" hits="0" branch="False" />
            <line number="83" hits="0" branch="False" />
            <line number="96" hits="12" branch="False" />
            <line number="97" hits="12" branch="False" />
            <line number="98" hits="12" branch="False" />
            <line number="99" hits="12" branch="False" />
            <line number="101" hits="12" branch="False" />
            <line number="102" hits="12" branch="False" />
            <line number="104" hits="12" branch="False" />
            <line number="105" hits="12" branch="False" />
            <line number="106" hits="12" branch="True" condition-coverage="50% (1/2)">
              <conditions>
                <condition number="73" type="jump" coverage="50%" />
              </conditions>
            </line>
            <line number="107" hits="12" branch="False" />
            <line number="123" hits="0" branch="False" />
            <line number="124" hits="0" branch="False" />
            <line number="125" hits="0" branch="False" />
            <line number="126" hits="0" branch="False" />
            <line number="127" hits="0" branch="False" />
            <line number="129" hits="0" branch="False" />
            <line number="130" hits="0" branch="False" />
            <line number="132" hits="0" branch="False" />
            <line number="133" hits="0" branch="False" />
            <line number="134" hits="0" branch="True" condition-coverage="0% (0/2)">
              <conditions>
                <condition number="82" type="jump" coverage="0%" />
              </conditions>
            </line>
            <line number="135" hits="0" branch="False" />
          </lines>
        </class>
        <class name="AnointedAutomation.Optimization.Logging.LogMessageEventArgs" filename="AnointedAutomation.Logging/LogMessage.cs" line-rate="1" branch-rate="1" complexity="2">
          <methods>
            <method name="get_log" signature="()" line-rate="1" branch-rate="1" complexity="1">
              <lines>
                <line number="369" hits="2" branch="False" />
              </lines>
            </method>
            <method name=".ctor" signature="(AnointedAutomation.Optimization.Logging.LogMessage)" line-rate="1" branch-rate="1" complexity="1">
              <lines>
                <line number="361" hits="2" branch="False" />
                <line number="362" hits="2" branch="False" />
                <line number="363" hits="2" branch="False" />
                <line number="364" hits="2" branch="False" />
              </lines>
            </method>
          </methods>
          <lines>
            <line number="369" hits="2" branch="False" />
            <line number="361" hits="2" branch="False" />
            <line number="362" hits="2" branch="False" />
            <line number="363" hits="2" branch="False" />
            <line number="364" hits="2" branch="False" />
          </lines>
        </class>
      </classes>
    </package>
    <package name="AnointedAutomation.Repository.MySql" line-rate="0.7940999999999999" branch-rate="0.7726999999999999" complexity="54">
      <classes>
        <class name="AnointedAutomation.Repository.MySql.GenericRepository`1" filename="AnointedAutomation.Repository.MySql/GenericRepository.cs" line-rate="1" branch-rate="1" complexity="1">
          <methods>
            <method name=".ctor" signature="(Microsoft.EntityFrameworkCore.DbContext)" line-rate="1" branch-rate="1" complexity="1">
              <lines>
                <line number="27" hits="16" branch="False" />
                <line number="28" hits="16" branch="False" />
                <line number="29" hits="16" branch="False" />
                <line number="30" hits="16" branch="False" />
                <line number="31" hits="16" branch="False" />
              </lines>
            </method>
          </methods>
          <lines>
            <line number="27" hits="16" branch="False" />
            <line number="28" hits="16" branch="False" />
            <line number="29" hits="16" branch="False" />
            <line number="30" hits="16" branch="False" />
            <line number="31" hits="16" branch="False" />
          </lines>
        </class>
        <class name="AnointedAutomation.Repository.MySql.GenericRepository`1/&lt;AddAsync&gt;d__7" filename="AnointedAutomation.Repository.MySql/GenericRepository.cs" line-rate="1" branch-rate="1" complexity="1">
          <methods>
            <method name="MoveNext" signature="()" line-rate="1" branch-rate="1" complexity="1">
              <lines>
                <line number="78" hits="23" branch="False" />
                <line number="79" hits="23" branch="False" />
                <line number="80" hits="23" branch="False" />
                <line number="81" hits="23" branch="False" />
                <line number="82" hits="23" branch="False" />
              </lines>
            </method>
          </methods>
          <lines>
            <line number="78" hits="23" branch="False" />
            <line number="79" hits="23" branch="False" />
            <line number="80" hits="23" branch="False" />
            <line number="81" hits="23" branch="False" />
            <line number="82" hits="23" branch="False" />
          </lines>
        </class>
        <class name="AnointedAutomation.Repository.MySql.GenericRepository`1/&lt;AddRangeAsync&gt;d__8" filename="AnointedAutomation.Repository.MySql/GenericRepository.cs" line-rate="1" branch-rate="1" complexity="1">
          <methods>
            <method name="MoveNext" signature="()" line-rate="1" branch-rate="1" complexity="1">
              <lines>
                <line number="90" hits="1" branch="False" />
                <line number="91" hits="1" branch="False" />
                <line number="92" hits="1" branch="False" />
                <line number="93" hits="1" branch="False" />
              </lines>
            </method>
          </methods>
          <lines>
            <line number="90" hits="1" branch="False" />
            <line number="91" hits="1" branch="False" />
            <line number="92" hits="1" branch="False" />
            <line number="93" hits="1" branch="False" />
          </lines>
        </class>
        <class name="AnointedAutomation.Repository.MySql.GenericRepository`1/&lt;CountAsync&gt;d__14" filename="AnointedAutomation.Repository.MySql/GenericRepository.cs" line-rate="1" branch-rate="1" complexity="2">
          <methods>
            <method name="MoveNext" signature="()" line-rate="1" branch-rate="1" complexity="2">
              <lines>
                <line number="165" hits="3" branch="False" />
                <line number="166" hits="3" branch="True" condition-coverage="100% (2/2)">
                  <conditions>
                    <condition number="37" type="jump" coverage="100%" />
                  </conditions>
                </line>
                <line number="167" hits="2" branch="False" />
                <line number="168" hits="2" branch="False" />
                <line number="170" hits="1" branch="False" />
                <line number="171" hits="3" branch="False" />
              </lines>
            </method>
          </methods>
          <lines>
            <line number="165" hits="3" branch="False" />
            <line number="166" hits="3" branch="True" condition-coverage="100% (2/2)">
              <conditions>
                <condition number="37" type="jump" coverage="100%" />
              </conditions>
            </line>
            <line number="167" hits="2" branch="False" />
            <line number="168" hits="2" branch="False" />
            <line number="170" hits="1" branch="False" />
            <line number="171" hits="3" branch="False" />
          </lines>
        </class>
        <class name="AnointedAutomation.Repository.MySql.GenericRepository`1/&lt;DeleteAsync&gt;d__10" filename="AnointedAutomation.Repository.MySql/GenericRepository.cs" line-rate="1" branch-rate="1" complexity="2">
          <methods>
            <method name="MoveNext" signature="()" line-rate="1" branch-rate="1" complexity="2">
              <lines>
                <line number="113" hits="2" branch="False" />
                <line number="114" hits="2" branch="False" />
                <line number="115" hits="2" branch="True" condition-coverage="100% (2/2)">
                  <conditions>
                    <condition number="198" type="jump" coverage="100%" />
                  </conditions>
                </line>
                <line number="116" hits="1" branch="False" />
                <line number="117" hits="1" branch="False" />
                <line number="120" hits="1" branch="False" />
                <line number="121" hits="1" branch="False" />
                <line number="122" hits="1" branch="False" />
                <line number="123" hits="2" branch="False" />
              </lines>
            </method>
          </methods>
          <lines>
            <line number="113" hits="2" branch="False" />
            <line number="114" hits="2" branch="False" />
            <line number="115" hits="2" branch="True" condition-coverage="100% (2/2)">
              <conditions>
                <condition number="198" type="jump" coverage="100%" />
              </conditions>
            </line>
            <line number="116" hits="1" branch="False" />
            <line number="117" hits="1" branch="False" />
            <line number="120" hits="1" branch="False" />
            <line number="121" hits="1" branch="False" />
            <line number="122" hits="1" branch="False" />
            <line number="123" hits="2" branch="False" />
          </lines>
        </class>
        <class name="AnointedAutomation.Repository.MySql.GenericRepository`1/&lt;DeleteAsync&gt;d__11" filename="AnointedAutomation.Repository.MySql/GenericRepository.cs" line-rate="1" branch-rate="1" complexity="1">
          <methods>
            <method name="MoveNext" signature="()" line-rate="1" branch-rate="1" complexity="1">
              <lines>
                <line number="131" hits="1" branch="False" />
                <line number="132" hits="1" branch="False" />
                <line number="133" hits="1" branch="False" />
                <line number="134" hits="1" branch="False" />
                <line number="135" hits="1" branch="False" />
              </lines>
            </method>
          </methods>
          <lines>
            <line number="131" hits="1" branch="False" />
            <line number="132" hits="1" branch="False" />
            <line number="133" hits="1" branch="False" />
            <line number="134" hits="1" branch="False" />
            <line number="135" hits="1" branch="False" />
          </lines>
        </class>
        <class name="AnointedAutomation.Repository.MySql.GenericRepository`1/&lt;DeleteRangeAsync&gt;d__12" filename="AnointedAutomation.Repository.MySql/GenericRepository.cs" line-rate="1" branch-rate="1" complexity="1">
          <methods>
            <method name="MoveNext" signature="()" line-rate="1" branch-rate="1" complexity="1">
              <lines>
                <line number="143" hits="1" branch="False" />
                <line number="144" hits="1" branch="False" />
                <line number="145" hits="1" branch="False" />
                <line number="146" hits="1" branch="False" />
                <line number="147" hits="1" branch="False" />
              </lines>
            </method>
          </methods>
          <lines>
            <line number="143" hits="1" branch="False" />
            <line number="144" hits="1" branch="False" />
            <line number="145" hits="1" branch="False" />
            <line number="146" hits="1" branch="False" />
            <line number="147" hits="1" branch="False" />
          </lines>
        </class>
        <class name="AnointedAutomation.Repository.MySql.GenericRepository`1/&lt;ExistsAsync&gt;d__13" filename="AnointedAutomation.Repository.MySql/GenericRepository.cs" line-rate="1" branch-rate="1" complexity="1">
          <methods>
            <method name="MoveNext" signature="()" line-rate="1" branch-rate="1" complexity="1">
              <lines>
                <line number="155" hits="2" branch="False" />
                <line number="156" hits="2" branch="False" />
                <line number="157" hits="2" branch="False" />
              </lines>
            </method>
          </methods>
          <lines>
            <line number="155" hits="2" branch="False" />
            <line number="156" hits="2" branch="False" />
            <line number="157" hits="2" branch="False" />
          </lines>
        </class>
        <class name="AnointedAutomation.Repository.MySql.GenericRepository`1/&lt;FindAsync&gt;d__5" filename="AnointedAutomation.Repository.MySql/GenericRepository.cs" line-rate="1" branch-rate="1" complexity="1">
          <methods>
            <method name="MoveNext" signature="()" line-rate="1" branch-rate="1" complexity="1">
              <lines>
                <line number="58" hits="1" branch="False" />
                <line number="59" hits="1" branch="False" />
                <line number="60" hits="1" branch="False" />
              </lines>
            </method>
          </methods>
          <lines>
            <line number="58" hits="1" branch="False" />
            <line number="59" hits="1" branch="False" />
            <line number="60" hits="1" branch="False" />
          </lines>
        </class>
        <class name="AnointedAutomation.Repository.MySql.GenericRepository`1/&lt;FindSingleAsync&gt;d__6" filename="AnointedAutomation.Repository.MySql/GenericRepository.cs" line-rate="1" branch-rate="1" complexity="1">
          <methods>
            <method name="MoveNext" signature="()" line-rate="1" branch-rate="1" complexity="1">
              <lines>
                <line number="68" hits="1" branch="False" />
                <line number="69" hits="1" branch="False" />
                <line number="70" hits="1" branch="False" />
              </lines>
            </method>
          </methods>
          <lines>
            <line number="68" hits="1" branch="False" />
            <line number="69" hits="1" branch="False" />
            <line number="70" hits="1" branch="False" />
          </lines>
        </class>
        <class name="AnointedAutomation.Repository.MySql.GenericRepository`1/&lt;GetAllAsync&gt;d__4" filename="AnointedAutomation.Repository.MySql/GenericRepository.cs" line-rate="1" branch-rate="1" complexity="1">
          <methods>
            <method name="MoveNext" signature="()" line-rate="1" branch-rate="1" complexity="1">
              <lines>
                <line number="48" hits="2" branch="False" />
                <line number="49" hits="2" branch="False" />
                <line number="50" hits="2" branch="False" />
              </lines>
            </method>
          </methods>
          <lines>
            <line number="48" hits="2" branch="False" />
            <line number="49" hits="2" branch="False" />
            <line number="50" hits="2" branch="False" />
          </lines>
        </class>
        <class name="AnointedAutomation.Repository.MySql.GenericRepository`1/&lt;GetByIdAsync&gt;d__3" filename="AnointedAutomation.Repository.MySql/GenericRepository.cs" line-rate="1" branch-rate="1" complexity="1">
          <methods>
            <method name="MoveNext" signature="()" line-rate="1" branch-rate="1" complexity="1">
              <lines>
                <line number="39" hits="4" branch="False" />
                <line number="40" hits="4" branch="False" />
                <line number="41" hits="4" branch="False" />
              </lines>
            </method>
          </methods>
          <lines>
            <line number="39" hits="4" branch="False" />
            <line number="40" hits="4" branch="False" />
            <line number="41" hits="4" branch="False" />
          </lines>
        </class>
        <class name="AnointedAutomation.Repository.MySql.GenericRepository`1/&lt;UpdateAsync&gt;d__9" filename="AnointedAutomation.Repository.MySql/GenericRepository.cs" line-rate="1" branch-rate="1" complexity="1">
          <methods>
            <method name="MoveNext" signature="()" line-rate="1" branch-rate="1" complexity="1">
              <lines>
                <line number="101" hits="1" branch="False" />
                <line number="102" hits="1" branch="False" />
                <line number="103" hits="1" branch="False" />
                <line number="104" hits="1" branch="False" />
                <line number="105" hits="1" branch="False" />
              </lines>
            </method>
          </methods>
          <lines>
            <line number="101" hits="1" branch="False" />
            <line number="102" hits="1" branch="False" />
            <line number="103" hits="1" branch="False" />
            <line number="104" hits="1" branch="False" />
            <line number="105" hits="1" branch="False" />
          </lines>
        </class>
        <class name="AnointedAutomation.Repository.MySql.MySqlHelper" filename="AnointedAutomation.Repository.MySql/MySqlHelper.cs" line-rate="0.5402" branch-rate="0.5832999999999999" complexity="22">
          <methods>
            <method name="Finalize" signature="()" line-rate="1" branch-rate="1" complexity="1">
              <lines>
                <line number="44" hits="82" branch="False" />
                <line number="45" hits="41" branch="False" />
                <line number="46" hits="82" branch="False" />
              </lines>
            </method>
            <method name="get_Database" signature="()" line-rate="1" branch-rate="1" complexity="1">
              <lines>
                <line number="61" hits="101" branch="False" />
              </lines>
            </method>
            <method name="get_DbName" signature="()" line-rate="1" branch-rate="1" complexity="1">
              <lines>
                <line number="66" hits="11" branch="False" />
              </lines>
            </method>
            <method name="get_ConnectionString" signature="()" line-rate="1" branch-rate="1" complexity="1">
              <lines>
                <line number="71" hits="15" branch="False" />
              </lines>
            </method>
            <method name="ClearLogs" signature="()" line-rate="1" branch-rate="0.75" complexity="4">
              <lines>
                <line number="77" hits="59" branch="False" />
                <line number="78" hits="59" branch="True" condition-coverage="50% (1/2)">
                  <conditions>
                    <condition number="7" type="jump" coverage="50%" />
                  </conditions>
                </line>
                <line number="79" hits="59" branch="True" condition-coverage="100% (2/2)">
                  <conditions>
                    <condition number="24" type="jump" coverage="100%" />
                  </conditions>
                </line>
                <line number="80" hits="59" branch="False" />
              </lines>
            </method>
            <method name="GetLogs" signature="()" line-rate="1" branch-rate="1" complexity="1">
              <lines>
                <line number="87" hits="9" branch="False" />
                <line number="88" hits="9" branch="False" />
                <line number="89" hits="9" branch="False" />
              </lines>
            </method>
            <method name="ConnectionStringBuilder" signature="(System.String,System.String,System.String,System.String,System.Int32)" line-rate="1" branch-rate="1" complexity="1">
              <lines>
                <line number="107" hits="14" branch="False" />
                <line number="108" hits="14" branch="False" />
                <line number="109" hits="14" branch="False" />
              </lines>
            </method>
            <method name="MySqlHelperConnector" signature="(AnointedAutomation.Repository.MySql.IMySqlHelper,System.String)" line-rate="1" branch-rate="1" complexity="2">
              <lines>
                <line number="118" hits="3" branch="False" />
                <line number="119" hits="3" branch="False" />
                <line number="120" hits="3" branch="False" />
                <line number="123" hits="3" branch="False" />
                <line number="124" hits="3" branch="False" />
                <line number="125" hits="2" branch="True" condition-coverage="100% (2/2)">
                  <conditions>
                    <condition number="37" type="jump" coverage="100%" />
                  </conditions>
                </line>
                <line number="126" hits="1" branch="False" />
                <line number="127" hits="1" branch="False" />
                <line number="128" hits="1" branch="False" />
                <line number="129" hits="2" branch="False" />
                <line number="130" hits="1" branch="False" />
                <line number="131" hits="1" branch="False" />
                <line number="132" hits="1" branch="False" />
                <line number="133" hits="1" branch="False" />
                <line number="135" hits="3" branch="False" />
                <line number="136" hits="3" branch="False" />
              </lines>
            </method>
            <method name="CreateDbContext" signature="(System.String)" line-rate="0.4285" branch-rate="1" complexity="1">
              <lines>
                <line number="222" hits="4" branch="False" />
                <line number="223" hits="4" branch="False" />
                <line number="226" hits="4" branch="False" />
                <line number="227" hits="0" branch="False" />
                <line number="229" hits="0" branch="False" />
                <line number="230" hits="0" branch="False" />
                <line number="231" hits="0" branch="False" />
              </lines>
            </method>
            <method name="TestConnection" signature="()" line-rate="0" branch-rate="0" complexity="2">
              <lines>
                <line number="237" hits="0" branch="False" />
                <line number="239" hits="0" branch="False" />
                <line number="240" hits="0" branch="False" />
                <line number="241" hits="0" branch="True" condition-coverage="0% (0/2)">
                  <conditions>
                    <condition number="22" type="jump" coverage="0%" />
                  </conditions>
                </line>
                <line number="242" hits="0" branch="False" />
                <line number="243" hits="0" branch="False" />
                <line number="244" hits="0" branch="False" />
                <line number="245" hits="0" branch="False" />
                <line number="247" hits="0" branch="False" />
                <line number="248" hits="0" branch="False" />
                <line number="249" hits="0" branch="False" />
                <line number="250" hits="0" branch="False" />
                <line number="252" hits="0" branch="False" />
              </lines>
            </method>
            <method name="GetTableNames" signature="()" line-rate="0" branch-rate="0" complexity="2">
              <lines>
                <line number="258" hits="0" branch="False" />
                <line number="260" hits="0" branch="False" />
                <line number="262" hits="0" branch="False" />
                <line number="263" hits="0" branch="False" />
                <line number="265" hits="0" branch="False" />
                <line number="266" hits="0" branch="False" />
                <line number="267" hits="0" branch="False" />
                <line number="268" hits="0" branch="False" />
                <line number="270" hits="0" branch="False" />
                <line number="271" hits="0" branch="False" />
                <line number="272" hits="0" branch="True" condition-coverage="0% (0/2)">
                  <conditions>
                    <condition number="88" type="jump" coverage="0%" />
                  </conditions>
                </line>
                <line number="273" hits="0" branch="False" />
                <line number="274" hits="0" branch="False" />
                <line number="275" hits="0" branch="False" />
                <line number="276" hits="0" branch="False" />
                <line number="277" hits="0" branch="False" />
                <line number="279" hits="0" branch="False" />
                <line number="281" hits="0" branch="False" />
                <line number="282" hits="0" branch="False" />
                <line number="283" hits="0" branch="False" />
                <line number="284" hits="0" branch="False" />
                <line number="286" hits="0" branch="False" />
              </lines>
            </method>
            <method name="AddLog" signature="(AnointedAutomation.Optimization.Logging.LogMessage)" line-rate="1" branch-rate="1" complexity="2">
              <lines>
                <line number="292" hits="12" branch="False" />
                <line number="293" hits="12" branch="False" />
                <line number="294" hits="12" branch="True" condition-coverage="100% (2/2)">
                  <conditions>
                    <condition number="19" type="jump" coverage="100%" />
                  </conditions>
                </line>
                <line number="295" hits="12" branch="False" />
              </lines>
            </method>
            <method name=".ctor" signature="()" line-rate="1" branch-rate="1" complexity="1">
              <lines>
                <line number="26" hits="37" branch="False" />
                <line number="27" hits="37" branch="False" />
                <line number="28" hits="37" branch="False" />
              </lines>
            </method>
            <method name=".ctor" signature="(System.String)" line-rate="0.8" branch-rate="1" complexity="1">
              <lines>
                <line number="34" hits="4" branch="False" />
                <line number="35" hits="4" branch="False" />
                <line number="36" hits="4" branch="False" />
                <line number="37" hits="4" branch="False" />
                <line number="38" hits="0" branch="False" />
              </lines>
            </method>
            <method name=".cctor" signature="()" line-rate="1" branch-rate="1" complexity="1">
              <lines>
                <line number="21" hits="1" branch="False" />
              </lines>
            </method>
          </methods>
          <lines>
            <line number="44" hits="82" branch="False" />
            <line number="45" hits="41" branch="False" />
            <line number="46" hits="82" branch="False" />
            <line number="61" hits="101" branch="False" />
            <line number="66" hits="11" branch="False" />
            <line number="71" hits="15" branch="False" />
            <line number="77" hits="59" branch="False" />
            <line number="78" hits="59" branch="True" condition-coverage="50% (1/2)">
              <conditions>
                <condition number="7" type="jump" coverage="50%" />
              </conditions>
            </line>
            <line number="79" hits="59" branch="True" condition-coverage="100% (2/2)">
              <conditions>
                <condition number="24" type="jump" coverage="100%" />
              </conditions>
            </line>
            <line number="80" hits="59" branch="False" />
            <line number="87" hits="9" branch="False" />
            <line number="88" hits="9" branch="False" />
            <line number="89" hits="9" branch="False" />
            <line number="107" hits="14" branch="False" />
            <line number="108" hits="14" branch="False" />
            <line number="109" hits="14" branch="False" />
            <line number="118" hits="3" branch="False" />
            <line number="119" hits="3" branch="False" />
            <line number="120" hits="3" branch="False" />
            <line number="123" hits="3" branch="False" />
            <line number="124" hits="3" branch="False" />
            <line number="125" hits="2" branch="True" condition-coverage="100% (2/2)">
              <conditions>
                <condition number="37" type="jump" coverage="100%" />
              </conditions>
            </line>
            <line number="126" hits="1" branch="False" />
            <line number="127" hits="1" branch="False" />
            <line number="128" hits="1" branch="False" />
            <line number="129" hits="2" branch="False" />
            <line number="130" hits="1" branch="False" />
            <line number="131" hits="1" branch="False" />
            <line number="132" hits="1" branch="False" />
            <line number="133" hits="1" branch="False" />
            <line number="135" hits="3" branch="False" />
            <line number="136" hits="3" branch="False" />
            <line number="222" hits="4" branch="False" />
            <line number="223" hits="4" branch="False" />
            <line number="226" hits="4" branch="False" />
            <line number="227" hits="0" branch="False" />
            <line number="229" hits="0" branch="False" />
            <line number="230" hits="0" branch="False" />
            <line number="231" hits="0" branch="False" />
            <line number="237" hits="0" branch="False" />
            <line number="239" hits="0" branch="False" />
            <line number="240" hits="0" branch="False" />
            <line number="241" hits="0" branch="True" condition-coverage="0% (0/2)">
              <conditions>
                <condition number="22" type="jump" coverage="0%" />
              </conditions>
            </line>
            <line number="242" hits="0" branch="False" />
            <line number="243" hits="0" branch="False" />
            <line number="244" hits="0" branch="False" />
            <line number="245" hits="0" branch="False" />
            <line number="247" hits="0" branch="False" />
            <line number="248" hits="0" branch="False" />
            <line number="249" hits="0" branch="False" />
            <line number="250" hits="0" branch="False" />
            <line number="252" hits="0" branch="False" />
            <line number="258" hits="0" branch="False" />
            <line number="260" hits="0" branch="False" />
            <line number="262" hits="0" branch="False" />
            <line number="263" hits="0" branch="False" />
            <line number="265" hits="0" branch="False" />
            <line number="266" hits="0" branch="False" />
            <line number="267" hits="0" branch="False" />
            <line number="268" hits="0" branch="False" />
            <line number="270" hits="0" branch="False" />
            <line number="271" hits="0" branch="False" />
            <line number="272" hits="0" branch="True" condition-coverage="0% (0/2)">
              <conditions>
                <condition number="88" type="jump" coverage="0%" />
              </conditions>
            </line>
            <line number="273" hits="0" branch="False" />
            <line number="274" hits="0" branch="False" />
            <line number="275" hits="0" branch="False" />
            <line number="276" hits="0" branch="False" />
            <line number="277" hits="0" branch="False" />
            <line number="279" hits="0" branch="False" />
            <line number="281" hits="0" branch="False" />
            <line number="282" hits="0" branch="False" />
            <line number="283" hits="0" branch="False" />
            <line number="284" hits="0" branch="False" />
            <line number="286" hits="0" branch="False" />
            <line number="292" hits="12" branch="False" />
            <line number="293" hits="12" branch="False" />
            <line number="294" hits="12" branch="True" condition-coverage="100% (2/2)">
              <conditions>
                <condition number="19" type="jump" coverage="100%" />
              </conditions>
            </line>
            <line number="295" hits="12" branch="False" />
            <line number="26" hits="37" branch="False" />
            <line number="27" hits="37" branch="False" />
            <line number="28" hits="37" branch="False" />
            <line number="34" hits="4" branch="False" />
            <line number="35" hits="4" branch="False" />
            <line number="36" hits="4" branch="False" />
            <line number="37" hits="4" branch="False" />
            <line number="38" hits="0" branch="False" />
            <line number="21" hits="1" branch="False" />
          </lines>
        </class>
        <class name="AnointedAutomation.Repository.MySql.MySqlHelper/&lt;CountAsync&gt;d__33`1" filename="AnointedAutomation.Repository.MySql/MySqlHelper.cs" line-rate="1" branch-rate="1" complexity="2">
          <methods>
            <method name="MoveNext" signature="()" line-rate="1" branch-rate="1" complexity="2">
              <lines>
                <line number="210" hits="5" branch="False" />
                <line number="211" hits="5" branch="True" condition-coverage="100% (2/2)">
                  <conditions>
                    <condition number="37" type="jump" coverage="100%" />
                  </conditions>
                </line>
                <line number="212" hits="4" branch="False" />
                <line number="213" hits="4" branch="False" />
                <line number="215" hits="1" branch="False" />
                <line number="216" hits="4" branch="False" />
              </lines>
            </method>
          </methods>
          <lines>
            <line number="210" hits="5" branch="False" />
            <line number="211" hits="5" branch="True" condition-coverage="100% (2/2)">
              <conditions>
                <condition number="37" type="jump" coverage="100%" />
              </conditions>
            </line>
            <line number="212" hits="4" branch="False" />
            <line number="213" hits="4" branch="False" />
            <line number="215" hits="1" branch="False" />
            <line number="216" hits="4" branch="False" />
          </lines>
        </class>
        <class name="AnointedAutomation.Repository.MySql.MySqlHelper/&lt;CreateAsync&gt;d__26`1" filename="AnointedAutomation.Repository.MySql/MySqlHelper.cs" line-rate="1" branch-rate="1" complexity="1">
          <methods>
            <method name="MoveNext" signature="()" line-rate="1" branch-rate="1" complexity="1">
              <lines>
                <line number="142" hits="22" branch="False" />
                <line number="143" hits="22" branch="False" />
                <line number="144" hits="20" branch="False" />
                <line number="145" hits="20" branch="False" />
                <line number="146" hits="20" branch="False" />
              </lines>
            </method>
          </methods>
          <lines>
            <line number="142" hits="22" branch="False" />
            <line number="143" hits="22" branch="False" />
            <line number="144" hits="20" branch="False" />
            <line number="145" hits="20" branch="False" />
            <line number="146" hits="20" branch="False" />
          </lines>
        </class>
        <class name="AnointedAutomation.Repository.MySql.MySqlHelper/&lt;DeleteAsync&gt;d__31`1" filename="AnointedAutomation.Repository.MySql/MySqlHelper.cs" line-rate="1" branch-rate="1" complexity="2">
          <methods>
            <method name="MoveNext" signature="()" line-rate="1" branch-rate="1" complexity="2">
              <lines>
                <line number="186" hits="3" branch="False" />
                <line number="187" hits="3" branch="False" />
                <line number="188" hits="2" branch="True" condition-coverage="100% (2/2)">
                  <conditions>
                    <condition number="203" type="jump" coverage="100%" />
                  </conditions>
                </line>
                <line number="189" hits="1" branch="False" />
                <line number="190" hits="1" branch="False" />
                <line number="193" hits="1" branch="False" />
                <line number="194" hits="1" branch="False" />
                <line number="195" hits="1" branch="False" />
                <line number="196" hits="2" branch="False" />
              </lines>
            </method>
          </methods>
          <lines>
            <line number="186" hits="3" branch="False" />
            <line number="187" hits="3" branch="False" />
            <line number="188" hits="2" branch="True" condition-coverage="100% (2/2)">
              <conditions>
                <condition number="203" type="jump" coverage="100%" />
              </conditions>
            </line>
            <line number="189" hits="1" branch="False" />
            <line number="190" hits="1" branch="False" />
            <line number="193" hits="1" branch="False" />
            <line number="194" hits="1" branch="False" />
            <line number="195" hits="1" branch="False" />
            <line number="196" hits="2" branch="False" />
          </lines>
        </class>
        <class name="AnointedAutomation.Repository.MySql.MySqlHelper/&lt;ExistsAsync&gt;d__32`1" filename="AnointedAutomation.Repository.MySql/MySqlHelper.cs" line-rate="1" branch-rate="1" complexity="1">
          <methods>
            <method name="MoveNext" signature="()" line-rate="1" branch-rate="1" complexity="1">
              <lines>
                <line number="202" hits="4" branch="False" />
                <line number="203" hits="4" branch="False" />
                <line number="204" hits="2" branch="False" />
              </lines>
            </method>
          </methods>
          <lines>
            <line number="202" hits="4" branch="False" />
            <line number="203" hits="4" branch="False" />
            <line number="204" hits="2" branch="False" />
          </lines>
        </class>
        <class name="AnointedAutomation.Repository.MySql.MySqlHelper/&lt;GetAllAsync&gt;d__28`1" filename="AnointedAutomation.Repository.MySql/MySqlHelper.cs" line-rate="1" branch-rate="1" complexity="1">
          <methods>
            <method name="MoveNext" signature="()" line-rate="1" branch-rate="1" complexity="1">
              <lines>
                <line number="160" hits="3" branch="False" />
                <line number="161" hits="3" branch="False" />
                <line number="162" hits="2" branch="False" />
              </lines>
            </method>
          </methods>
          <lines>
            <line number="160" hits="3" branch="False" />
            <line number="161" hits="3" branch="False" />
            <line number="162" hits="2" branch="False" />
          </lines>
        </class>
        <class name="AnointedAutomation.Repository.MySql.MySqlHelper/&lt;GetByIdAsync&gt;d__27`1" filename="AnointedAutomation.Repository.MySql/MySqlHelper.cs" line-rate="1" branch-rate="1" complexity="1">
          <methods>
            <method name="MoveNext" signature="()" line-rate="1" branch-rate="1" complexity="1">
              <lines>
                <line number="152" hits="5" branch="False" />
                <line number="153" hits="5" branch="False" />
                <line number="154" hits="4" branch="False" />
              </lines>
            </method>
          </methods>
          <lines>
            <line number="152" hits="5" branch="False" />
            <line number="153" hits="5" branch="False" />
            <line number="154" hits="4" branch="False" />
          </lines>
        </class>
        <class name="AnointedAutomation.Repository.MySql.MySqlHelper/&lt;GetFilteredAsync&gt;d__29`1" filename="AnointedAutomation.Repository.MySql/MySqlHelper.cs" line-rate="1" branch-rate="1" complexity="1">
          <methods>
            <method name="MoveNext" signature="()" line-rate="1" branch-rate="1" complexity="1">
              <lines>
                <line number="168" hits="4" branch="False" />
                <line number="169" hits="4" branch="False" />
                <line number="170" hits="2" branch="False" />
              </lines>
            </method>
          </methods>
          <lines>
            <line number="168" hits="4" branch="False" />
            <line number="169" hits="4" branch="False" />
            <line number="170" hits="2" branch="False" />
          </lines>
        </class>
        <class name="AnointedAutomation.Repository.MySql.MySqlHelper/&lt;UpdateAsync&gt;d__30`1" filename="AnointedAutomation.Repository.MySql/MySqlHelper.cs" line-rate="1" branch-rate="1" complexity="1">
          <methods>
            <method name="MoveNext" signature="()" line-rate="1" branch-rate="1" complexity="1">
              <lines>
                <line number="176" hits="3" branch="False" />
                <line number="177" hits="3" branch="False" />
                <line number="178" hits="1" branch="False" />
                <line number="179" hits="1" branch="False" />
                <line number="180" hits="1" branch="False" />
              </lines>
            </method>
          </methods>
          <lines>
            <line number="176" hits="3" branch="False" />
            <line number="177" hits="3" branch="False" />
            <line number="178" hits="1" branch="False" />
            <line number="179" hits="1" branch="False" />
            <line number="180" hits="1" branch="False" />
          </lines>
        </class>
        <class name="AnointedAutomation.Repository.MySql.DynamicDbContext" filename="AnointedAutomation.Repository.MySql/MySqlHelper.cs" line-rate="1" branch-rate="1" complexity="2">
          <methods>
            <method name="OnModelCreating" signature="(Microsoft.EntityFrameworkCore.ModelBuilder)" line-rate="1" branch-rate="1" complexity="1">
              <lines>
                <line number="315" hits="1" branch="False" />
                <line number="316" hits="1" branch="False" />
                <line number="317" hits="1" branch="False" />
              </lines>
            </method>
            <method name=".ctor" signature="(Microsoft.EntityFrameworkCore.DbContextOptions`1&lt;AnointedAutomation.Repository.MySql.DynamicDbContext&gt;)" line-rate="1" branch-rate="1" complexity="1">
              <lines>
                <line number="307" hits="4" branch="False" />
                <line number="308" hits="4" branch="False" />
                <line number="309" hits="4" branch="False" />
              </lines>
            </method>
          </methods>
          <lines>
            <line number="315" hits="1" branch="False" />
            <line number="316" hits="1" branch="False" />
            <line number="317" hits="1" branch="False" />
            <line number="307" hits="4" branch="False" />
            <line number="308" hits="4" branch="False" />
            <line number="309" hits="4" branch="False" />
          </lines>
        </class>
        <class name="AnointedAutomation.Repository.MySql.MySqlHelperFactory" filename="AnointedAutomation.Repository.MySql/MySqlHelperFactory.cs" line-rate="0.8665999999999999" branch-rate="1" complexity="5">
          <methods>
            <method name="Create" signature="(System.String)" line-rate="0.75" branch-rate="1" complexity="2">
              <lines>
                <line number="51" hits="10" branch="False" />
                <line number="53" hits="10" branch="True" condition-coverage="100% (2/2)">
                  <conditions>
                    <condition number="20" type="jump" coverage="100%" />
                  </conditions>
                </line>
                <line number="54" hits="4" branch="False" />
                <line number="56" hits="4" branch="False" />
                <line number="59" hits="0" branch="False" />
                <line number="61" hits="0" branch="False" />
                <line number="65" hits="6" branch="False" />
                <line number="66" hits="6" branch="False" />
              </lines>
            </method>
            <method name="Remove" signature="(System.String)" line-rate="1" branch-rate="1" complexity="1">
              <lines>
                <line number="74" hits="2" branch="False" />
                <line number="75" hits="2" branch="False" />
                <line number="76" hits="2" branch="False" />
              </lines>
            </method>
            <method name="ClearCache" signature="()" line-rate="1" branch-rate="1" complexity="1">
              <lines>
                <line number="82" hits="3" branch="False" />
                <line number="83" hits="3" branch="False" />
                <line number="84" hits="3" branch="False" />
              </lines>
            </method>
            <method name=".ctor" signature="()" line-rate="1" branch-rate="1" complexity="1">
              <lines>
                <line number="43" hits="11" branch="False" />
              </lines>
            </method>
          </methods>
          <lines>
            <line number="51" hits="10" branch="False" />
            <line number="53" hits="10" branch="True" condition-coverage="100% (2/2)">
              <conditions>
                <condition number="20" type="jump" coverage="100%" />
              </conditions>
            </line>
            <line number="54" hits="4" branch="False" />
            <line number="56" hits="4" branch="False" />
            <line number="59" hits="0" branch="False" />
            <line number="61" hits="0" branch="False" />
            <line number="65" hits="6" branch="False" />
            <line number="66" hits="6" branch="False" />
            <line number="74" hits="2" branch="False" />
            <line number="75" hits="2" branch="False" />
            <line number="76" hits="2" branch="False" />
            <line number="82" hits="3" branch="False" />
            <line number="83" hits="3" branch="False" />
            <line number="84" hits="3" branch="False" />
            <line number="43" hits="11" branch="False" />
          </lines>
        </class>
      </classes>
    </package>
  </packages>
</coverage>